C:\USERS\JULIA\MP2-LAB3-ARITHMETIC\SLN\VC10\ARITHMETIC\RELEASE\MAIN_ARITHMETIC.OBJ
C:\USERS\JULIA\MP2-LAB3-ARITHMETIC\SLN\VC10\ARITHMETIC\RELEASE\ARITHMETIC.OBJ
C:\USERS\JULIA\MP2-LAB3-ARITHMETIC\SLN\VC10\ARITHMETIC\RELEASE\VC110.PDB
C:\USERS\JULIA\MP2-LAB3-ARITHMETIC\SLN\VC10\RELEASE\ARITHMETIC.EXE
C:\USERS\JULIA\MP2-LAB3-ARITHMETIC\SLN\VC10\RELEASE\ARITHMETIC.PDB
C:\Users\Julia\mp2-lab3-arithmetic\sln\vc10\arithmetic\Release\arithmetic.obj
C:\Users\Julia\mp2-lab3-arithmetic\sln\vc10\arithmetic\Release\main_arithmetic.obj
C:\Users\Julia\mp2-lab3-arithmetic\sln\vc10\arithmetic\Release\cl.command.1.tlog
C:\Users\Julia\mp2-lab3-arithmetic\sln\vc10\arithmetic\Release\CL.read.1.tlog
C:\Users\Julia\mp2-lab3-arithmetic\sln\vc10\arithmetic\Release\CL.write.1.tlog
C:\Users\Julia\mp2-lab3-arithmetic\sln\vc10\arithmetic\Release\link-cvtres.read.1.tlog
C:\Users\Julia\mp2-lab3-arithmetic\sln\vc10\arithmetic\Release\link-cvtres.write.1.tlog
C:\Users\Julia\mp2-lab3-arithmetic\sln\vc10\arithmetic\Release\link-rc.read.1.tlog
C:\Users\Julia\mp2-lab3-arithmetic\sln\vc10\arithmetic\Release\link-rc.write.1.tlog
C:\Users\Julia\mp2-lab3-arithmetic\sln\vc10\arithmetic\Release\link.command.1.tlog
C:\Users\Julia\mp2-lab3-arithmetic\sln\vc10\arithmetic\Release\link.read.1.tlog
C:\Users\Julia\mp2-lab3-arithmetic\sln\vc10\arithmetic\Release\link.write.1.tlog
C:\Users\Julia\mp2-lab3-arithmetic\sln\vc10\arithmetic\Release\vc110.pdb
C:\Users\Julia\mp2-lab3-arithmetic\sln\vc10\Release\arithmetic.pdb
C:\Users\Julia\mp2-lab3-arithmetic\sln\vc10\Release\arithmetic.exe
