Z:\mp2-lab2-matrix\sln\vc10\Release\cl.command.1.tlog
Z:\mp2-lab2-matrix\sln\vc10\Release\CL.read.1.tlog
Z:\mp2-lab2-matrix\sln\vc10\Release\CL.write.1.tlog
Z:\MP2-LAB2-MATRIX\SLN\VC10\RELEASE\GTEST.LIB
Z:\mp2-lab2-matrix\sln\vc10\Release\gtest.write.1.tlog
Z:\MP2-LAB2-MATRIX\SLN\VC10\RELEASE\GTEST-ALL.OBJ
Z:\mp2-lab2-matrix\sln\vc10\Release\lib.command.1.tlog
Z:\mp2-lab2-matrix\sln\vc10\Release\Lib-link.read.1.tlog
Z:\mp2-lab2-matrix\sln\vc10\Release\Lib-link.write.1.tlog
Z:\mp2-lab2-matrix\sln\vc10\Release\link.command.1.tlog
Z:\mp2-lab2-matrix\sln\vc10\Release\link.read.1.tlog
Z:\mp2-lab2-matrix\sln\vc10\Release\link.write.1.tlog
Z:\mp2-lab2-matrix\sln\vc10\Release\mt.command.1.tlog
Z:\mp2-lab2-matrix\sln\vc10\Release\mt.read.1.tlog
Z:\mp2-lab2-matrix\sln\vc10\Release\mt.write.1.tlog
Z:\mp2-lab2-matrix\sln\vc10\Release\sample_utmatrix.write.1.tlog
Z:\MP2-LAB2-MATRIX\SLN\VC10\RELEASE\TEST_MAIN.OBJ
Z:\MP2-LAB2-MATRIX\SLN\VC10\RELEASE\TEST_MATRIX_POINTER.OBJ
Z:\MP2-LAB2-MATRIX\SLN\VC10\RELEASE\TEST_TIME.OBJ
Z:\MP2-LAB2-MATRIX\SLN\VC10\RELEASE\TEST_TIME2.OBJ
Z:\MP2-LAB2-MATRIX\SLN\VC10\RELEASE\TEST_TMATRIX.OBJ
Z:\MP2-LAB2-MATRIX\SLN\VC10\RELEASE\TEST_TVECTOR.OBJ
Z:\MP2-LAB2-MATRIX\SLN\VC10\RELEASE\TEST_UTMATRIX.EXE
Z:\MP2-LAB2-MATRIX\SLN\VC10\RELEASE\TEST_UTMATRIX.EXE.INTERMEDIATE.MANIFEST
Z:\MP2-LAB2-MATRIX\SLN\VC10\RELEASE\TEST_UTMATRIX.PDB
Z:\mp2-lab2-matrix\sln\vc10\Release\test_utmatrix.write.1.tlog
Z:\MP2-LAB2-MATRIX\SLN\VC10\RELEASE\VC100.PDB
