C:\Users\Администратор\Desktop\Извращения с лабой\mp2-lab2-matrix\sln\vc10\Release\cl.command.1.tlog
C:\Users\Администратор\Desktop\Извращения с лабой\mp2-lab2-matrix\sln\vc10\Release\CL.read.1.tlog
C:\Users\Администратор\Desktop\Извращения с лабой\mp2-lab2-matrix\sln\vc10\Release\CL.write.1.tlog
C:\USERS\Администратор\DESKTOP\Извращения с лабой\MP2-LAB2-MATRIX\SLN\VC10\RELEASE\GTEST.LIB
C:\Users\Администратор\Desktop\Извращения с лабой\mp2-lab2-matrix\sln\vc10\Release\gtest.write.1.tlog
C:\USERS\Администратор\DESKTOP\Извращения с лабой\MP2-LAB2-MATRIX\SLN\VC10\RELEASE\GTEST-ALL.OBJ
C:\Users\Администратор\Desktop\Извращения с лабой\mp2-lab2-matrix\sln\vc10\Release\lib.command.1.tlog
C:\Users\Администратор\Desktop\Извращения с лабой\mp2-lab2-matrix\sln\vc10\Release\Lib-link.read.1.tlog
C:\Users\Администратор\Desktop\Извращения с лабой\mp2-lab2-matrix\sln\vc10\Release\Lib-link.write.1.tlog
C:\Users\Администратор\Desktop\Извращения с лабой\mp2-lab2-matrix\sln\vc10\Release\link.command.1.tlog
C:\Users\Администратор\Desktop\Извращения с лабой\mp2-lab2-matrix\sln\vc10\Release\link.read.1.tlog
C:\Users\Администратор\Desktop\Извращения с лабой\mp2-lab2-matrix\sln\vc10\Release\link.write.1.tlog
C:\USERS\Администратор\DESKTOP\Извращения с лабой\MP2-LAB2-MATRIX\SLN\VC10\RELEASE\MAIN_ARITHMETIC.OBJ
C:\Users\Администратор\Desktop\Извращения с лабой\mp2-lab2-matrix\sln\vc10\Release\mt.command.1.tlog
C:\Users\Администратор\Desktop\Извращения с лабой\mp2-lab2-matrix\sln\vc10\Release\mt.read.1.tlog
C:\Users\Администратор\Desktop\Извращения с лабой\mp2-lab2-matrix\sln\vc10\Release\mt.write.1.tlog
C:\USERS\Администратор\DESKTOP\Извращения с лабой\MP2-LAB2-MATRIX\SLN\VC10\RELEASE\SAMPLE_ARITHMETIC2.EXE
C:\USERS\Администратор\DESKTOP\Извращения с лабой\MP2-LAB2-MATRIX\SLN\VC10\RELEASE\SAMPLE_ARITHMETIC2.EXE.INTERMEDIATE.MANIFEST
C:\USERS\АДМИНИСТРАТОР\DESKTOP\ИЗВРАЩЕНИЯ С ЛАБОЙ\MP2-LAB2-MATRIX\SLN\VC10\RELEASE\SAMPLE_ARITHMETIC2.PDB
C:\USERS\Администратор\DESKTOP\Извращения с лабой\MP2-LAB2-MATRIX\SLN\VC10\RELEASE\SAMPLE_UTMATRIX.EXE
C:\USERS\Администратор\DESKTOP\Извращения с лабой\MP2-LAB2-MATRIX\SLN\VC10\RELEASE\SAMPLE_UTMATRIX.EXE.INTERMEDIATE.MANIFEST
C:\USERS\АДМИНИСТРАТОР\DESKTOP\ИЗВРАЩЕНИЯ С ЛАБОЙ\MP2-LAB2-MATRIX\SLN\VC10\RELEASE\SAMPLE_UTMATRIX.PDB
C:\Users\Администратор\Desktop\Извращения с лабой\mp2-lab2-matrix\sln\vc10\Release\sample_utmatrix.write.1.tlog
C:\USERS\Администратор\DESKTOP\Извращения с лабой\MP2-LAB2-MATRIX\SLN\VC10\RELEASE\TEST_ARITHMETIC.EXE
C:\USERS\Администратор\DESKTOP\Извращения с лабой\MP2-LAB2-MATRIX\SLN\VC10\RELEASE\TEST_ARITHMETIC.EXE.INTERMEDIATE.MANIFEST
C:\USERS\Администратор\DESKTOP\Извращения с лабой\MP2-LAB2-MATRIX\SLN\VC10\RELEASE\TEST_ARITHMETIC.OBJ
C:\USERS\АДМИНИСТРАТОР\DESKTOP\ИЗВРАЩЕНИЯ С ЛАБОЙ\MP2-LAB2-MATRIX\SLN\VC10\RELEASE\TEST_ARITHMETIC.PDB
C:\Users\Администратор\Desktop\Извращения с лабой\mp2-lab2-matrix\sln\vc10\Release\test_arithmetic.write.1.tlog
C:\USERS\Администратор\DESKTOP\Извращения с лабой\MP2-LAB2-MATRIX\SLN\VC10\RELEASE\TEST_MAIN.OBJ
C:\USERS\Администратор\DESKTOP\Извращения с лабой\MP2-LAB2-MATRIX\SLN\VC10\RELEASE\TEST_STACK.OBJ
C:\USERS\Администратор\DESKTOP\Извращения с лабой\MP2-LAB2-MATRIX\SLN\VC10\RELEASE\TEST_UTMATRIX.EXE
C:\Users\Администратор\Desktop\Извращения с лабой\mp2-lab2-matrix\sln\vc10\Release\test_utmatrix.exe.intermediate.manifest
C:\Users\Администратор\Desktop\Извращения с лабой\mp2-lab2-matrix\sln\vc10\Release\test_utmatrix.pdb
C:\Users\Администратор\Desktop\Извращения с лабой\mp2-lab2-matrix\sln\vc10\Release\test_utmatrix.write.1.tlog
C:\USERS\АДМИНИСТРАТОР\DESKTOP\ИЗВРАЩЕНИЯ С ЛАБОЙ\MP2-LAB2-MATRIX\SLN\VC10\RELEASE\VC100.PDB
Z:\MP2-LAB2-MATRIX\SLN\VC10\RELEASE\GTEST.LIB
Z:\MP2-LAB2-MATRIX\SLN\VC10\RELEASE\GTEST-ALL.OBJ
Z:\MP2-LAB2-MATRIX\SLN\VC10\RELEASE\SAMPLE_MATRIX.OBJ
Z:\MP2-LAB2-MATRIX\SLN\VC10\RELEASE\SAMPLE_UTMATRIX.EXE
Z:\MP2-LAB2-MATRIX\SLN\VC10\RELEASE\SAMPLE_UTMATRIX.EXE.INTERMEDIATE.MANIFEST
Z:\MP2-LAB2-MATRIX\SLN\VC10\RELEASE\SAMPLE_UTMATRIX.PDB
Z:\MP2-LAB2-MATRIX\SLN\VC10\RELEASE\TEST_MAIN.OBJ
Z:\MP2-LAB2-MATRIX\SLN\VC10\RELEASE\TEST_MATRIX_POINTER.OBJ
Z:\MP2-LAB2-MATRIX\SLN\VC10\RELEASE\TEST_TIME.OBJ
Z:\MP2-LAB2-MATRIX\SLN\VC10\RELEASE\TEST_TIME2.OBJ
Z:\MP2-LAB2-MATRIX\SLN\VC10\RELEASE\TEST_TMATRIX.OBJ
Z:\MP2-LAB2-MATRIX\SLN\VC10\RELEASE\TEST_TVECTOR.OBJ
Z:\MP2-LAB2-MATRIX\SLN\VC10\RELEASE\TEST_UTMATRIX.EXE
Z:\MP2-LAB2-MATRIX\SLN\VC10\RELEASE\TEST_UTMATRIX.EXE.INTERMEDIATE.MANIFEST
Z:\MP2-LAB2-MATRIX\SLN\VC10\RELEASE\TEST_UTMATRIX.PDB
Z:\MP2-LAB2-MATRIX\SLN\VC10\RELEASE\VC100.PDB
