C:\Users\Liza\mp2-lab2-matrix\sln\vc10\Debug\cl.command.1.tlog
C:\Users\Liza\mp2-lab2-matrix\sln\vc10\Debug\CL.read.1.tlog
C:\Users\Liza\mp2-lab2-matrix\sln\vc10\Debug\CL.write.1.tlog
C:\USERS\LIZA\MP2-LAB2-MATRIX\SLN\VC10\DEBUG\GTEST.LIB
C:\USERS\LIZA\MP2-LAB2-MATRIX\SLN\VC10\DEBUG\GTEST-ALL.OBJ
C:\Users\Liza\mp2-lab2-matrix\sln\vc10\Debug\lib.command.1.tlog
C:\Users\Liza\mp2-lab2-matrix\sln\vc10\Debug\Lib-link.read.1.tlog
C:\Users\Liza\mp2-lab2-matrix\sln\vc10\Debug\Lib-link.write.1.tlog
C:\Users\Liza\mp2-lab2-matrix\sln\vc10\Debug\link.5428.read.1.tlog
C:\Users\Liza\mp2-lab2-matrix\sln\vc10\Debug\link.5428.write.1.tlog
C:\Users\Liza\mp2-lab2-matrix\sln\vc10\Debug\link.5428-cvtres.read.1.tlog
C:\Users\Liza\mp2-lab2-matrix\sln\vc10\Debug\link.5428-cvtres.write.1.tlog
C:\Users\Liza\mp2-lab2-matrix\sln\vc10\Debug\link.command.1.tlog
C:\Users\Liza\mp2-lab2-matrix\sln\vc10\Debug\link.read.1.tlog
C:\Users\Liza\mp2-lab2-matrix\sln\vc10\Debug\link.read.2.tlog
C:\Users\Liza\mp2-lab2-matrix\sln\vc10\Debug\link.write.1.tlog
C:\Users\Liza\mp2-lab2-matrix\sln\vc10\Debug\link-cvtres.read.1.tlog
C:\Users\Liza\mp2-lab2-matrix\sln\vc10\Debug\link-cvtres.write.1.tlog
C:\Users\Liza\mp2-lab2-matrix\sln\vc10\Debug\mt.command.1.tlog
C:\Users\Liza\mp2-lab2-matrix\sln\vc10\Debug\mt.read.1.tlog
C:\Users\Liza\mp2-lab2-matrix\sln\vc10\Debug\mt.write.1.tlog
C:\Users\Liza\mp2-lab2-matrix\sln\vc10\Debug\rc.command.1.tlog
C:\Users\Liza\mp2-lab2-matrix\sln\vc10\Debug\rc.read.1.tlog
C:\Users\Liza\mp2-lab2-matrix\sln\vc10\Debug\rc.write.1.tlog
C:\USERS\LIZA\MP2-LAB2-MATRIX\SLN\VC10\DEBUG\SAMPLE_MATRIX.OBJ
C:\USERS\LIZA\MP2-LAB2-MATRIX\SLN\VC10\DEBUG\SAMPLE_UTMATRIX.EXE
C:\USERS\LIZA\MP2-LAB2-MATRIX\SLN\VC10\DEBUG\SAMPLE_UTMATRIX.EXE.EMBED.MANIFEST
C:\USERS\LIZA\MP2-LAB2-MATRIX\SLN\VC10\DEBUG\SAMPLE_UTMATRIX.EXE.EMBED.MANIFEST.RES
C:\USERS\LIZA\MP2-LAB2-MATRIX\SLN\VC10\DEBUG\SAMPLE_UTMATRIX.EXE.INTERMEDIATE.MANIFEST
C:\USERS\LIZA\MP2-LAB2-MATRIX\SLN\VC10\DEBUG\SAMPLE_UTMATRIX.ILK
C:\USERS\LIZA\MP2-LAB2-MATRIX\SLN\VC10\DEBUG\SAMPLE_UTMATRIX.PDB
C:\Users\Liza\mp2-lab2-matrix\sln\vc10\Debug\sample_utmatrix_manifest.rc
C:\USERS\LIZA\MP2-LAB2-MATRIX\SLN\VC10\DEBUG\TEST_MAIN.OBJ
C:\USERS\LIZA\MP2-LAB2-MATRIX\SLN\VC10\DEBUG\TEST_TMATRIX.OBJ
C:\Users\Liza\mp2-lab2-matrix\sln\vc10\Debug\test_utmatrix.write.1.tlog
C:\Users\Liza\mp2-lab2-matrix\sln\vc10\Debug\vc100.idb
C:\USERS\LIZA\MP2-LAB2-MATRIX\SLN\VC10\DEBUG\VC100.PDB
