Build started 12.11.2015 23:05:33.
     1>Project "C:\Users\Администратор\Desktop\Извращения с лабой\mp2-lab2-matrix\sln\vc10\sample_utmatrix.vcxproj" on node 3 (build target(s)).
     1>InitializeBuildStatus:
         Creating "Debug\sample_arithmetic2.unsuccessfulbuild" because "AlwaysCreate" was specified.
       ClCompile:
         C:\Program Files (x86)\Microsoft Visual Studio 10.0\VC\bin\CL.exe /c /I../../include /ZI /nologo /W3 /WX- /Od /Oy- /D WIN32 /D _DEBUG /D _CONSOLE /D _UNICODE /D UNICODE /Gm /EHsc /RTC1 /MDd /GS /fp:precise /Zc:wchar_t /Zc:forScope /Fo"Debug\\" /Fd"Debug\vc100.pdb" /Gd /TP /analyze- /errorReport:prompt ..\..\samples\main_arithmetic.cpp
         main_arithmetic.cpp
       ManifestResourceCompile:
         C:\Program Files (x86)\Microsoft SDKs\Windows\v7.0A\bin\rc.exe /nologo /fo"Debug\sample_arithmetic2.exe.embed.manifest.res" Debug\sample_arithmetic2_manifest.rc 
       Link:
         C:\Program Files (x86)\Microsoft Visual Studio 10.0\VC\bin\link.exe /ERRORREPORT:PROMPT /OUT:"C:\Users\Администратор\Desktop\Извращения с лабой\mp2-lab2-matrix\sln\vc10\Debug\sample_arithmetic2.exe" /INCREMENTAL /NOLOGO kernel32.lib user32.lib gdi32.lib winspool.lib comdlg32.lib advapi32.lib shell32.lib ole32.lib oleaut32.lib uuid.lib odbc32.lib odbccp32.lib /MANIFEST /ManifestFile:"Debug\sample_arithmetic2.exe.intermediate.manifest" /MANIFESTUAC:"level='asInvoker' uiAccess='false'" /DEBUG /PDB:"C:\Users\Администратор\Desktop\Извращения с лабой\mp2-lab2-matrix\sln\vc10\Debug\sample_arithmetic2.pdb" /SUBSYSTEM:CONSOLE /TLBID:1 /DYNAMICBASE /NXCOMPAT /IMPLIB:"C:\Users\Администратор\Desktop\Извращения с лабой\mp2-lab2-matrix\sln\vc10\Debug\sample_arithmetic2.lib" /MACHINE:X86 Debug\sample_arithmetic2.exe.embed.manifest.res
         Debug\main_arithmetic.obj
     1>main_arithmetic.obj : warning LNK4099: PDB 'vc100.pdb' was not found with 'main_arithmetic.obj' or at 'C:\Users\Администратор\Desktop\Извращения с лабой\mp2-lab2-matrix\sln\vc10\Debug\vc100.pdb'; linking object as if no debug info
       Manifest:
         C:\Program Files (x86)\Microsoft SDKs\Windows\v7.0A\bin\mt.exe /nologo /verbose /out:"Debug\sample_arithmetic2.exe.embed.manifest" /manifest Debug\sample_arithmetic2.exe.intermediate.manifest
         C:\Program Files (x86)\Microsoft SDKs\Windows\v7.0A\bin\rc.exe /nologo /fo"Debug\sample_arithmetic2.exe.embed.manifest.res" Debug\sample_arithmetic2_manifest.rc 
       LinkEmbedManifest:
         C:\Program Files (x86)\Microsoft Visual Studio 10.0\VC\bin\link.exe /ERRORREPORT:PROMPT /OUT:"C:\Users\Администратор\Desktop\Извращения с лабой\mp2-lab2-matrix\sln\vc10\Debug\sample_arithmetic2.exe" /INCREMENTAL /NOLOGO kernel32.lib user32.lib gdi32.lib winspool.lib comdlg32.lib advapi32.lib shell32.lib ole32.lib oleaut32.lib uuid.lib odbc32.lib odbccp32.lib /MANIFEST /ManifestFile:"Debug\sample_arithmetic2.exe.intermediate.manifest" /MANIFESTUAC:"level='asInvoker' uiAccess='false'" /DEBUG /PDB:"C:\Users\Администратор\Desktop\Извращения с лабой\mp2-lab2-matrix\sln\vc10\Debug\sample_arithmetic2.pdb" /SUBSYSTEM:CONSOLE /TLBID:1 /DYNAMICBASE /NXCOMPAT /IMPLIB:"C:\Users\Администратор\Desktop\Извращения с лабой\mp2-lab2-matrix\sln\vc10\Debug\sample_arithmetic2.lib" /MACHINE:X86 Debug\sample_arithmetic2.exe.embed.manifest.res
         Debug\main_arithmetic.obj
     1>main_arithmetic.obj : warning LNK4099: PDB 'vc100.pdb' was not found with 'main_arithmetic.obj' or at 'C:\Users\Администратор\Desktop\Извращения с лабой\mp2-lab2-matrix\sln\vc10\Debug\vc100.pdb'; linking object as if no debug info
         sample_utmatrix.vcxproj -> C:\Users\Администратор\Desktop\Извращения с лабой\mp2-lab2-matrix\sln\vc10\Debug\sample_arithmetic2.exe
       FinalizeBuildStatus:
         Deleting file "Debug\sample_arithmetic2.unsuccessfulbuild".
         Touching "Debug\sample_arithmetic2.lastbuildstate".
     1>Done Building Project "C:\Users\Администратор\Desktop\Извращения с лабой\mp2-lab2-matrix\sln\vc10\sample_utmatrix.vcxproj" (build target(s)).

Build succeeded.

Time Elapsed 00:00:05.35
